# JRE version: Java(TM) SE Runtime Environment (8.0_191-b12) (build 1.8.0_191-b12)
# Java VM: Java HotSpot(TM) 64-Bit Server VM (25.191-b12 mixed mode windows-amd64 compressed oops)
Heap:
 PSYoungGen      total 118784K, used 10121K [0x00000000daf00000, 0x00000000e2d00000, 0x0000000100000000)
  eden space 113152K, 3% used [0x00000000daf00000,0x00000000db366410,0x00000000e1d80000)
  from space 5632K, 99% used [0x00000000e2480000,0x00000000e29fc080,0x00000000e2a00000)
  to   space 7168K, 0% used [0x00000000e1d80000,0x00000000e1d80000,0x00000000e2480000)
 ParOldGen       total 76800K, used 2376K [0x0000000090c00000, 0x0000000095700000, 0x00000000daf00000)
  object space 76800K, 3% used [0x0000000090c00000,0x0000000090e522c0,0x0000000095700000)
 Metaspace       used 18939K, capacity 19338K, committed 19584K, reserved 1067008K
  class space    used 2194K, capacity 2365K, committed 2432K, reserved 1048576K
GC Heap History (10 events):
Event: 1.655 GC heap before
{Heap before GC invocations=2 (full 0):
 PSYoungGen      total 33280K, used 31512K [0x00000000daf00000, 0x00000000dd400000, 0x0000000100000000)
  eden space 28672K, 100% used [0x00000000daf00000,0x00000000dcb00000,0x00000000dcb00000)
  from space 4608K, 61% used [0x00000000dcb00000,0x00000000dcdc6098,0x00000000dcf80000)
  to   space 4608K, 0% used [0x00000000dcf80000,0x00000000dcf80000,0x00000000dd400000)
 ParOldGen       total 76800K, used 8K [0x0000000090c00000, 0x0000000095700000, 0x00000000daf00000)
  object space 76800K, 0% used [0x0000000090c00000,0x0000000090c02000,0x0000000095700000)
 Metaspace       used 9439K, capacity 9500K, committed 9600K, reserved 1058816K
  class space    used 1051K, capacity 1074K, committed 1152K, reserved 1048576K
Event: 1.661 GC heap after
Heap after GC invocations=2 (full 0):
 PSYoungGen      total 33280K, used 2900K [0x00000000daf00000, 0x00000000dd400000, 0x0000000100000000)
  eden space 28672K, 0% used [0x00000000daf00000,0x00000000daf00000,0x00000000dcb00000)
  from space 4608K, 62% used [0x00000000dcf80000,0x00000000dd2552c8,0x00000000dd400000)
  to   space 4608K, 0% used [0x00000000dcb00000,0x00000000dcb00000,0x00000000dcf80000)
 ParOldGen       total 76800K, used 80K [0x0000000090c00000, 0x0000000095700000, 0x00000000daf00000)
  object space 76800K, 0% used [0x0000000090c00000,0x0000000090c14010,0x0000000095700000)
 Metaspace       used 9439K, capacity 9500K, committed 9600K, reserved 1058816K
  class space    used 1051K, capacity 1074K, committed 1152K, reserved 1048576K
}
Event: 1.898 GC heap before
{Heap before GC invocations=3 (full 0):
 PSYoungGen      total 33280K, used 31572K [0x00000000daf00000, 0x00000000dd400000, 0x0000000100000000)
  eden space 28672K, 100% used [0x00000000daf00000,0x00000000dcb00000,0x00000000dcb00000)
  from space 4608K, 62% used [0x00000000dcf80000,0x00000000dd2552c8,0x00000000dd400000)
  to   space 4608K, 0% used [0x00000000dcb00000,0x00000000dcb00000,0x00000000dcf80000)
 ParOldGen       total 76800K, used 80K [0x0000000090c00000, 0x0000000095700000, 0x00000000daf00000)
  object space 76800K, 0% used [0x0000000090c00000,0x0000000090c14010,0x0000000095700000)
 Metaspace       used 10534K, capacity 10652K, committed 10752K, reserved 1058816K
  class space    used 1164K, capacity 1202K, committed 1280K, reserved 1048576K
Event: 1.903 GC heap after
Heap after GC invocations=3 (full 0):
 PSYoungGen      total 33280K, used 3069K [0x00000000daf00000, 0x00000000df000000, 0x0000000100000000)
  eden space 28672K, 0% used [0x00000000daf00000,0x00000000daf00000,0x00000000dcb00000)
  from space 4608K, 66% used [0x00000000dcb00000,0x00000000dcdff6d8,0x00000000dcf80000)
  to   space 4608K, 0% used [0x00000000deb80000,0x00000000deb80000,0x00000000df000000)
 ParOldGen       total 76800K, used 88K [0x0000000090c00000, 0x0000000095700000, 0x00000000daf00000)
  object space 76800K, 0% used [0x0000000090c00000,0x0000000090c16010,0x0000000095700000)
 Metaspace       used 10534K, capacity 10652K, committed 10752K, reserved 1058816K
  class space    used 1164K, capacity 1202K, committed 1280K, reserved 1048576K
}
Event: 2.171 GC heap before
{Heap before GC invocations=4 (full 0):
 PSYoungGen      total 33280K, used 31741K [0x00000000daf00000, 0x00000000df000000, 0x0000000100000000)
  eden space 28672K, 100% used [0x00000000daf00000,0x00000000dcb00000,0x00000000dcb00000)
  from space 4608K, 66% used [0x00000000dcb00000,0x00000000dcdff6d8,0x00000000dcf80000)
  to   space 4608K, 0% used [0x00000000deb80000,0x00000000deb80000,0x00000000df000000)
 ParOldGen       total 76800K, used 88K [0x0000000090c00000, 0x0000000095700000, 0x00000000daf00000)
  object space 76800K, 0% used [0x0000000090c00000,0x0000000090c16010,0x0000000095700000)
 Metaspace       used 12199K, capacity 12316K, committed 12416K, reserved 1060864K
  class space    used 1357K, capacity 1394K, committed 1408K, reserved 1048576K
Event: 2.178 GC heap after
Heap after GC invocations=4 (full 0):
 PSYoungGen      total 61952K, used 3806K [0x00000000daf00000, 0x00000000df000000, 0x0000000100000000)
  eden space 57344K, 0% used [0x00000000daf00000,0x00000000daf00000,0x00000000de700000)
  from space 4608K, 82% used [0x00000000deb80000,0x00000000def37aa0,0x00000000df000000)
  to   space 4608K, 0% used [0x00000000de700000,0x00000000de700000,0x00000000deb80000)
 ParOldGen       total 76800K, used 96K [0x0000000090c00000, 0x0000000095700000, 0x00000000daf00000)
  object space 76800K, 0% used [0x0000000090c00000,0x0000000090c18010,0x0000000095700000)
 Metaspace       used 12199K, capacity 12316K, committed 12416K, reserved 1060864K
  class space    used 1357K, capacity 1394K, committed 1408K, reserved 1048576K
}
Event: 3.423 GC heap before
{Heap before GC invocations=5 (full 0):
 PSYoungGen      total 61952K, used 61150K [0x00000000daf00000, 0x00000000df000000, 0x0000000100000000)
  eden space 57344K, 100% used [0x00000000daf00000,0x00000000de700000,0x00000000de700000)
  from space 4608K, 82% used [0x00000000deb80000,0x00000000def37aa0,0x00000000df000000)
  to   space 4608K, 0% used [0x00000000de700000,0x00000000de700000,0x00000000deb80000)
 ParOldGen       total 76800K, used 96K [0x0000000090c00000, 0x0000000095700000, 0x00000000daf00000)
  object space 76800K, 0% used [0x0000000090c00000,0x0000000090c18010,0x0000000095700000)
 Metaspace       used 15851K, capacity 16082K, committed 16256K, reserved 1062912K
  class space    used 1780K, capacity 1875K, committed 1920K, reserved 1048576K
Event: 3.434 GC heap after
Heap after GC invocations=5 (full 0):
 PSYoungGen      total 61952K, used 4583K [0x00000000daf00000, 0x00000000e2a00000, 0x0000000100000000)
  eden space 57344K, 0% used [0x00000000daf00000,0x00000000daf00000,0x00000000de700000)
  from space 4608K, 99% used [0x00000000de700000,0x00000000deb79e50,0x00000000deb80000)
  to   space 5632K, 0% used [0x00000000e2480000,0x00000000e2480000,0x00000000e2a00000)
 ParOldGen       total 76800K, used 1357K [0x0000000090c00000, 0x0000000095700000, 0x00000000daf00000)
  object space 76800K, 1% used [0x0000000090c00000,0x0000000090d53480,0x0000000095700000)
 Metaspace       used 15851K, capacity 16082K, committed 16256K, reserved 1062912K
  class space    used 1780K, capacity 1875K, committed 1920K, reserved 1048576K
}
Event: 5.823 GC heap before
{Heap before GC invocations=6 (full 0):
 PSYoungGen      total 61952K, used 61927K [0x00000000daf00000, 0x00000000e2a00000, 0x0000000100000000)
  eden space 57344K, 100% used [0x00000000daf00000,0x00000000de700000,0x00000000de700000)
  from space 4608K, 99% used [0x00000000de700000,0x00000000deb79e50,0x00000000deb80000)
  to   space 5632K, 0% used [0x00000000e2480000,0x00000000e2480000,0x00000000e2a00000)
 ParOldGen       total 76800K, used 1357K [0x0000000090c00000, 0x0000000095700000, 0x00000000daf00000)
  object space 76800K, 1% used [0x0000000090c00000,0x0000000090d53480,0x0000000095700000)
 Metaspace       used 18742K, capacity 19178K, committed 19328K, reserved 1067008K
  class space    used 2172K, capacity 2333K, committed 2432K, reserved 1048576K
Event: 5.835 GC heap after
Heap after GC invocations=6 (full 0):
 PSYoungGen      total 118784K, used 5616K [0x00000000daf00000, 0x00000000e2d00000, 0x0000000100000000)
  eden space 113152K, 0% used [0x00000000daf00000,0x00000000daf00000,0x00000000e1d80000)
  from space 5632K, 99% used [0x00000000e2480000,0x00000000e29fc080,0x00000000e2a00000)
  to   space 7168K, 0% used [0x00000000e1d80000,0x00000000e1d80000,0x00000000e2480000)
 ParOldGen       total 76800K, used 2376K [0x0000000090c00000, 0x0000000095700000, 0x00000000daf00000)
  object space 76800K, 3% used [0x0000000090c00000,0x0000000090e522c0,0x0000000095700000)
 Metaspace       used 18742K, capacity 19178K, committed 19328K, reserved 1067008K
  class space    used 2172K, capacity 2333K, committed 2432K, reserved 1048576K
}

