<?xml version="1.0" encoding="UTF-8"?>
<!-- Generated by org.testng.reporters.JUnitXMLReporter -->
<testsuite hostname="1R-22" name="Default test" tests="7" failures="0" timestamp="4 Feb 2019 08:42:36 GMT" time="1996.776" errors="0">
  <testcase name="feature" time="107.665" classname="org.drc.vat.StepDefinitions.TestRunner"/>
  <testcase name="feature" time="317.696" classname="org.drc.vat.StepDefinitions.TestRunner"/>
  <testcase name="feature" time="402.023" classname="org.drc.vat.StepDefinitions.TestRunner"/>
  <testcase name="feature" time="298.812" classname="org.drc.vat.StepDefinitions.TestRunner"/>
  <testcase name="feature" time="457.83" classname="org.drc.vat.StepDefinitions.TestRunner"/>
  <testcase name="feature" time="15.683" classname="org.drc.vat.StepDefinitions.TestRunner"/>
  <testcase name="feature" time="396.215" classname="org.drc.vat.StepDefinitions.TestRunner"/>
</testsuite> <!-- Default test -->
