<?xml version="1.0" encoding="UTF-8"?>
<testng-results skipped="0" failed="0" total="1" passed="1">
  <reporter-output>
  </reporter-output>
  <suite name="Default suite" duration-ms="27251" started-at="2019-01-21T07:29:32Z" finished-at="2019-01-21T07:29:59Z">
    <groups>
      <group name="cucumber">
        <method signature="AbstractTestNGCucumberTests.feature(cucumber.api.testng.CucumberFeatureWrapper)[pri:0, instance:org.drc.vat.StepDefinitions.TestRunner@458c1321]" name="feature" class="cucumber.api.testng.AbstractTestNGCucumberTests"/>
      </group> <!-- cucumber -->
    </groups>
    <test name="Default test" duration-ms="27251" started-at="2019-01-21T07:29:32Z" finished-at="2019-01-21T07:29:59Z">
      <class name="org.drc.vat.StepDefinitions.TestRunner">
        <test-method status="PASS" signature="setUP_Mobilenop()[pri:0, instance:org.drc.vat.StepDefinitions.TestRunner@458c1321]" name="setUP_Mobilenop" is-config="true" duration-ms="3865" started-at="2019-01-21T12:59:28Z" finished-at="2019-01-21T12:59:32Z">
          <reporter-output>
          </reporter-output>
        </test-method> <!-- setUP_Mobilenop -->
        <test-method status="PASS" signature="setUpClass()[pri:0, instance:org.drc.vat.StepDefinitions.TestRunner@458c1321]" name="setUpClass" is-config="true" duration-ms="256" started-at="2019-01-21T12:59:32Z" finished-at="2019-01-21T12:59:32Z">
          <reporter-output>
          </reporter-output>
        </test-method> <!-- setUpClass -->
        <test-method status="PASS" signature="feature(cucumber.api.testng.CucumberFeatureWrapper)[pri:0, instance:org.drc.vat.StepDefinitions.TestRunner@458c1321]" name="feature" duration-ms="26280" started-at="2019-01-21T12:59:32Z" description="Runs Cucumber Feature" data-provider="features" finished-at="2019-01-21T12:59:58Z">
          <params>
            <param index="0">
              <value>
                <![CDATA[User Registration for the steps involved in creating a user account for logging into DRC e-services portal that would be used by the taxpayer to perform tax activities]]>
              </value>
            </param>
          </params>
          <reporter-output>
          </reporter-output>
        </test-method> <!-- feature -->
        <test-method status="PASS" signature="tearDownClass()[pri:0, instance:org.drc.vat.StepDefinitions.TestRunner@458c1321]" name="tearDownClass" is-config="true" duration-ms="490" started-at="2019-01-21T12:59:58Z" finished-at="2019-01-21T12:59:59Z">
          <reporter-output>
          </reporter-output>
        </test-method> <!-- tearDownClass -->
        <test-method status="PASS" signature="tearDown()[pri:0, instance:org.drc.vat.StepDefinitions.TestRunner@458c1321]" name="tearDown" is-config="true" duration-ms="655" started-at="2019-01-21T12:59:59Z" finished-at="2019-01-21T12:59:59Z">
          <reporter-output>
          </reporter-output>
        </test-method> <!-- tearDown -->
      </class> <!-- org.drc.vat.StepDefinitions.TestRunner -->
    </test> <!-- Default test -->
  </suite> <!-- Default suite -->
</testng-results>
