<?xml version="1.0" encoding="UTF-8"?>
<testng-results skipped="0" failed="0" ignored="0" total="1" passed="1">
  <reporter-output>
  </reporter-output>
  <suite name="Default suite" duration-ms="1805024" started-at="2019-04-09T07:20:57Z" finished-at="2019-04-09T07:51:02Z">
    <groups>
      <group name="cucumber">
        <method signature="AbstractTestNGCucumberTests.feature(cucumber.api.testng.CucumberFeatureWrapper)[pri:0, instance:org.drc.vat.StepDefinitions.TestRunner@46daef40]" name="feature" class="cucumber.api.testng.AbstractTestNGCucumberTests"/>
      </group> <!-- cucumber -->
    </groups>
    <test name="Default test" duration-ms="1805024" started-at="2019-04-09T07:20:57Z" finished-at="2019-04-09T07:51:02Z">
      <class name="org.drc.vat.StepDefinitions.TestRunner">
        <test-method status="PASS" signature="setUP_Mobilenop()[pri:0, instance:org.drc.vat.StepDefinitions.TestRunner@46daef40]" name="setUP_Mobilenop" is-config="true" duration-ms="4716" started-at="2019-04-09T07:20:53Z" finished-at="2019-04-09T07:20:57Z">
          <reporter-output>
          </reporter-output>
        </test-method> <!-- setUP_Mobilenop -->
        <test-method status="PASS" signature="setUpClass()[pri:0, instance:org.drc.vat.StepDefinitions.TestRunner@46daef40]" name="setUpClass" is-config="true" duration-ms="277" started-at="2019-04-09T07:20:57Z" finished-at="2019-04-09T07:20:58Z">
          <reporter-output>
          </reporter-output>
        </test-method> <!-- setUpClass -->
        <test-method status="PASS" signature="feature(cucumber.api.testng.CucumberFeatureWrapper)[pri:0, instance:org.drc.vat.StepDefinitions.TestRunner@46daef40]" name="feature" duration-ms="1803807" started-at="2019-04-09T07:20:58Z" description="Runs Cucumber Feature" data-provider="features" finished-at="2019-04-09T07:51:02Z">
          <params>
            <param index="0">
              <value>
                <![CDATA[As a DGI officer I want to update and approve VAT rates for]]>
              </value>
            </param>
          </params>
          <reporter-output>
          </reporter-output>
        </test-method> <!-- feature -->
        <test-method status="PASS" signature="tearDownClass()[pri:0, instance:org.drc.vat.StepDefinitions.TestRunner@46daef40]" name="tearDownClass" is-config="true" duration-ms="851" started-at="2019-04-09T07:51:02Z" finished-at="2019-04-09T07:51:02Z">
          <reporter-output>
          </reporter-output>
        </test-method> <!-- tearDownClass -->
        <test-method status="PASS" signature="tearDown()[pri:0, instance:org.drc.vat.StepDefinitions.TestRunner@46daef40]" name="tearDown" is-config="true" duration-ms="1226" started-at="2019-04-09T07:51:02Z" finished-at="2019-04-09T07:51:04Z">
          <reporter-output>
          </reporter-output>
        </test-method> <!-- tearDown -->
      </class> <!-- org.drc.vat.StepDefinitions.TestRunner -->
    </test> <!-- Default test -->
  </suite> <!-- Default suite -->
</testng-results>
