<?xml version="1.0" encoding="UTF-8"?>
<testng-results skipped="0" failed="0" ignored="0" total="1" passed="1">
  <reporter-output>
  </reporter-output>
  <suite name="Default suite" duration-ms="41" started-at="2018-05-16T11:58:48Z" finished-at="2018-05-16T11:58:48Z">
    <groups>
    </groups>
    <test name="Default test" duration-ms="41" started-at="2018-05-16T11:58:48Z" finished-at="2018-05-16T11:58:48Z">
      <class name="login.Login">
        <test-method status="PASS" signature="beforeSuite()[pri:0, instance:login.Login@77caeb3e]" name="beforeSuite" is-config="true" duration-ms="14" started-at="2018-05-16T11:58:48Z" finished-at="2018-05-16T11:58:48Z">
          <reporter-output>
          </reporter-output>
        </test-method> <!-- beforeSuite -->
        <test-method status="PASS" signature="resetFlag()[pri:0, instance:login.Login@77caeb3e]" name="resetFlag" is-config="true" duration-ms="4" started-at="2018-05-16T11:58:48Z" finished-at="2018-05-16T11:58:48Z">
          <reporter-output>
          </reporter-output>
        </test-method> <!-- resetFlag -->
        <test-method status="PASS" signature="f(java.lang.Integer, java.lang.String)[pri:0, instance:login.Login@77caeb3e]" name="f" duration-ms="8" started-at="2018-05-16T11:58:48Z" data-provider="dp" finished-at="2018-05-16T11:58:48Z">
          <params>
            <param index="0">
              <value>
                <![CDATA[1]]>
              </value>
            </param>
            <param index="1">
              <value>
                <![CDATA[a]]>
              </value>
            </param>
          </params>
          <reporter-output>
          </reporter-output>
        </test-method> <!-- f -->
        <test-method status="PASS" signature="afterSuite()[pri:0, instance:login.Login@77caeb3e]" name="afterSuite" is-config="true" duration-ms="0" started-at="2018-05-16T11:58:48Z" finished-at="2018-05-16T11:58:48Z">
          <reporter-output>
          </reporter-output>
        </test-method> <!-- afterSuite -->
      </class> <!-- login.Login -->
    </test> <!-- Default test -->
  </suite> <!-- Default suite -->
</testng-results>
