<?xml version="1.0" encoding="UTF-8"?>
<testng-results skipped="0" failed="0" total="1" passed="1">
  <reporter-output>
  </reporter-output>
  <suite name="Default suite" duration-ms="176795" started-at="2019-01-07T05:33:21Z" finished-at="2019-01-07T05:36:18Z">
    <groups>
      <group name="cucumber">
        <method signature="AbstractTestNGCucumberTests.feature(cucumber.api.testng.CucumberFeatureWrapper)[pri:0, instance:org.drc.vat.StepDefinitions.TestRunner@1877ab81]" name="feature" class="cucumber.api.testng.AbstractTestNGCucumberTests"/>
      </group> <!-- cucumber -->
    </groups>
    <test name="Default test" duration-ms="176795" started-at="2019-01-07T05:33:21Z" finished-at="2019-01-07T05:36:18Z">
      <class name="org.drc.vat.StepDefinitions.TestRunner">
        <test-method status="PASS" signature="setUP_Mobilenop()[pri:0, instance:org.drc.vat.StepDefinitions.TestRunner@1877ab81]" name="setUP_Mobilenop" is-config="true" duration-ms="3804" started-at="2019-01-07T11:03:17Z" finished-at="2019-01-07T11:03:21Z">
          <reporter-output>
          </reporter-output>
        </test-method> <!-- setUP_Mobilenop -->
        <test-method status="PASS" signature="setUpClass()[pri:0, instance:org.drc.vat.StepDefinitions.TestRunner@1877ab81]" name="setUpClass" is-config="true" duration-ms="254" started-at="2019-01-07T11:03:21Z" finished-at="2019-01-07T11:03:21Z">
          <reporter-output>
          </reporter-output>
        </test-method> <!-- setUpClass -->
        <test-method status="PASS" signature="feature(cucumber.api.testng.CucumberFeatureWrapper)[pri:0, instance:org.drc.vat.StepDefinitions.TestRunner@1877ab81]" name="feature" duration-ms="176015" started-at="2019-01-07T11:03:21Z" description="Runs Cucumber Feature" data-provider="features" finished-at="2019-01-07T11:06:17Z">
          <params>
            <param index="0">
              <value>
                <![CDATA[No. of Notification: Shows the notifications count. When clicked, pop-up appears, and the officer can view the notifications details]]>
              </value>
            </param>
          </params>
          <reporter-output>
          </reporter-output>
        </test-method> <!-- feature -->
        <test-method status="PASS" signature="tearDownClass()[pri:0, instance:org.drc.vat.StepDefinitions.TestRunner@1877ab81]" name="tearDownClass" is-config="true" duration-ms="475" started-at="2019-01-07T11:06:17Z" finished-at="2019-01-07T11:06:18Z">
          <reporter-output>
          </reporter-output>
        </test-method> <!-- tearDownClass -->
        <test-method status="PASS" signature="tearDown()[pri:0, instance:org.drc.vat.StepDefinitions.TestRunner@1877ab81]" name="tearDown" is-config="true" duration-ms="682" started-at="2019-01-07T11:06:18Z" finished-at="2019-01-07T11:06:18Z">
          <reporter-output>
          </reporter-output>
        </test-method> <!-- tearDown -->
      </class> <!-- org.drc.vat.StepDefinitions.TestRunner -->
    </test> <!-- Default test -->
  </suite> <!-- Default suite -->
</testng-results>
