<?xml version="1.0" encoding="UTF-8"?>
<testng-results skipped="0" failed="0" total="1" passed="1">
  <reporter-output>
  </reporter-output>
  <suite name="Default suite" duration-ms="133245" started-at="2018-12-27T10:40:12Z" finished-at="2018-12-27T10:42:25Z">
    <groups>
      <group name="cucumber">
        <method signature="AbstractTestNGCucumberTests.feature(cucumber.api.testng.CucumberFeatureWrapper)[pri:0, instance:org.drc.vat.StepDefinitions.TestRunner@4098dd77]" name="feature" class="cucumber.api.testng.AbstractTestNGCucumberTests"/>
      </group> <!-- cucumber -->
    </groups>
    <test name="Default test" duration-ms="133245" started-at="2018-12-27T10:40:12Z" finished-at="2018-12-27T10:42:25Z">
      <class name="org.drc.vat.StepDefinitions.TestRunner">
        <test-method status="PASS" signature="setUP_Mobilenop()[pri:0, instance:org.drc.vat.StepDefinitions.TestRunner@4098dd77]" name="setUP_Mobilenop" is-config="true" duration-ms="4675" started-at="2018-12-27T16:10:07Z" finished-at="2018-12-27T16:10:12Z">
          <reporter-output>
          </reporter-output>
        </test-method> <!-- setUP_Mobilenop -->
        <test-method status="PASS" signature="setUpClass()[pri:0, instance:org.drc.vat.StepDefinitions.TestRunner@4098dd77]" name="setUpClass" is-config="true" duration-ms="515" started-at="2018-12-27T16:10:12Z" finished-at="2018-12-27T16:10:12Z">
          <reporter-output>
          </reporter-output>
        </test-method> <!-- setUpClass -->
        <test-method status="PASS" signature="feature(cucumber.api.testng.CucumberFeatureWrapper)[pri:0, instance:org.drc.vat.StepDefinitions.TestRunner@4098dd77]" name="feature" duration-ms="132186" started-at="2018-12-27T16:10:12Z" description="Runs Cucumber Feature" data-provider="features" finished-at="2018-12-27T16:12:25Z">
          <params>
            <param index="0">
              <value>
                <![CDATA[User is on Manual Assessement Landing Screen]]>
              </value>
            </param>
          </params>
          <reporter-output>
          </reporter-output>
        </test-method> <!-- feature -->
        <test-method status="PASS" signature="tearDownClass()[pri:0, instance:org.drc.vat.StepDefinitions.TestRunner@4098dd77]" name="tearDownClass" is-config="true" duration-ms="418" started-at="2018-12-27T16:12:25Z" finished-at="2018-12-27T16:12:25Z">
          <reporter-output>
          </reporter-output>
        </test-method> <!-- tearDownClass -->
        <test-method status="PASS" signature="tearDown()[pri:0, instance:org.drc.vat.StepDefinitions.TestRunner@4098dd77]" name="tearDown" is-config="true" duration-ms="719" started-at="2018-12-27T16:12:25Z" finished-at="2018-12-27T16:12:26Z">
          <reporter-output>
          </reporter-output>
        </test-method> <!-- tearDown -->
      </class> <!-- org.drc.vat.StepDefinitions.TestRunner -->
    </test> <!-- Default test -->
  </suite> <!-- Default suite -->
</testng-results>
