<?xml version="1.0" encoding="UTF-8"?>
<testng-results skipped="0" failed="0" total="1" passed="1">
  <reporter-output>
  </reporter-output>
  <suite name="Default suite" duration-ms="304984" started-at="2019-01-04T07:43:46Z" finished-at="2019-01-04T07:48:51Z">
    <groups>
      <group name="cucumber">
        <method signature="AbstractTestNGCucumberTests.feature(cucumber.api.testng.CucumberFeatureWrapper)[pri:0, instance:org.drc.vat.StepDefinitions.TestRunner@7817fd62]" name="feature" class="cucumber.api.testng.AbstractTestNGCucumberTests"/>
      </group> <!-- cucumber -->
    </groups>
    <test name="Default test" duration-ms="304984" started-at="2019-01-04T07:43:46Z" finished-at="2019-01-04T07:48:51Z">
      <class name="org.drc.vat.StepDefinitions.TestRunner">
        <test-method status="PASS" signature="setUP_Mobilenop()[pri:0, instance:org.drc.vat.StepDefinitions.TestRunner@7817fd62]" name="setUP_Mobilenop" is-config="true" duration-ms="14795" started-at="2019-01-04T13:13:31Z" finished-at="2019-01-04T13:13:46Z">
          <reporter-output>
          </reporter-output>
        </test-method> <!-- setUP_Mobilenop -->
        <test-method status="PASS" signature="setUpClass()[pri:0, instance:org.drc.vat.StepDefinitions.TestRunner@7817fd62]" name="setUpClass" is-config="true" duration-ms="5071" started-at="2019-01-04T13:13:46Z" finished-at="2019-01-04T13:13:51Z">
          <reporter-output>
          </reporter-output>
        </test-method> <!-- setUpClass -->
        <test-method status="PASS" signature="feature(cucumber.api.testng.CucumberFeatureWrapper)[pri:0, instance:org.drc.vat.StepDefinitions.TestRunner@7817fd62]" name="feature" duration-ms="297989" started-at="2019-01-04T13:13:51Z" description="Runs Cucumber Feature" data-provider="features" finished-at="2019-01-04T13:18:49Z">
          <params>
            <param index="0">
              <value>
                <![CDATA[User is on Tax Payer portal Objection and Appeal]]>
              </value>
            </param>
          </params>
          <reporter-output>
          </reporter-output>
        </test-method> <!-- feature -->
        <test-method status="PASS" signature="tearDownClass()[pri:0, instance:org.drc.vat.StepDefinitions.TestRunner@7817fd62]" name="tearDownClass" is-config="true" duration-ms="1491" started-at="2019-01-04T13:18:49Z" finished-at="2019-01-04T13:18:51Z">
          <reporter-output>
          </reporter-output>
        </test-method> <!-- tearDownClass -->
        <test-method status="PASS" signature="tearDown()[pri:0, instance:org.drc.vat.StepDefinitions.TestRunner@7817fd62]" name="tearDown" is-config="true" duration-ms="1967" started-at="2019-01-04T13:18:51Z" finished-at="2019-01-04T13:18:53Z">
          <reporter-output>
          </reporter-output>
        </test-method> <!-- tearDown -->
      </class> <!-- org.drc.vat.StepDefinitions.TestRunner -->
    </test> <!-- Default test -->
  </suite> <!-- Default suite -->
</testng-results>
