<?xml version="1.0" encoding="UTF-8"?>
<testng-results skipped="0" failed="1" total="7" passed="6">
  <reporter-output>
  </reporter-output>
  <suite name="Default suite" duration-ms="1920957" started-at="2019-02-01T13:52:27Z" finished-at="2019-02-01T14:24:28Z">
    <groups>
      <group name="cucumber">
        <method signature="AbstractTestNGCucumberTests.feature(cucumber.api.testng.CucumberFeatureWrapper)[pri:0, instance:org.drc.vat.StepDefinitions.TestRunner@458c1321]" name="feature" class="cucumber.api.testng.AbstractTestNGCucumberTests"/>
      </group> <!-- cucumber -->
    </groups>
    <test name="Default test" duration-ms="1920957" started-at="2019-02-01T13:52:27Z" finished-at="2019-02-01T14:24:28Z">
      <class name="org.drc.vat.StepDefinitions.TestRunner">
        <test-method status="PASS" signature="setUP_Mobilenop()[pri:0, instance:org.drc.vat.StepDefinitions.TestRunner@458c1321]" name="setUP_Mobilenop" is-config="true" duration-ms="4233" started-at="2019-02-01T19:22:23Z" finished-at="2019-02-01T19:22:27Z">
          <reporter-output>
          </reporter-output>
        </test-method> <!-- setUP_Mobilenop -->
        <test-method status="PASS" signature="setUpClass()[pri:0, instance:org.drc.vat.StepDefinitions.TestRunner@458c1321]" name="setUpClass" is-config="true" duration-ms="301" started-at="2019-02-01T19:22:27Z" finished-at="2019-02-01T19:22:28Z">
          <reporter-output>
          </reporter-output>
        </test-method> <!-- setUpClass -->
        <test-method status="PASS" signature="feature(cucumber.api.testng.CucumberFeatureWrapper)[pri:0, instance:org.drc.vat.StepDefinitions.TestRunner@458c1321]" name="feature" duration-ms="103499" started-at="2019-02-01T19:22:28Z" description="Runs Cucumber Feature" data-provider="features" finished-at="2019-02-01T19:24:11Z">
          <params>
            <param index="0">
              <value>
                <![CDATA[Debt Record in 0-3 Months age bracket]]>
              </value>
            </param>
          </params>
          <reporter-output>
          </reporter-output>
        </test-method> <!-- feature -->
        <test-method status="PASS" signature="feature(cucumber.api.testng.CucumberFeatureWrapper)[pri:0, instance:org.drc.vat.StepDefinitions.TestRunner@458c1321]" name="feature" duration-ms="267076" started-at="2019-02-01T19:24:11Z" description="Runs Cucumber Feature" data-provider="features" finished-at="2019-02-01T19:28:38Z">
          <params>
            <param index="0">
              <value>
                <![CDATA[Debt Management - Landing screen to show the grouped (according to duration of the debt and priority of collection) list of tax payer that are in debt]]>
              </value>
            </param>
          </params>
          <reporter-output>
          </reporter-output>
        </test-method> <!-- feature -->
        <test-method status="PASS" signature="feature(cucumber.api.testng.CucumberFeatureWrapper)[pri:0, instance:org.drc.vat.StepDefinitions.TestRunner@458c1321]" name="feature" duration-ms="401493" started-at="2019-02-01T19:28:38Z" description="Runs Cucumber Feature" data-provider="features" finished-at="2019-02-01T19:35:20Z">
          <params>
            <param index="0">
              <value>
                <![CDATA[The Supervisor can assign the collection officer the pending amount from the TaxPayer]]>
              </value>
            </param>
          </params>
          <reporter-output>
          </reporter-output>
        </test-method> <!-- feature -->
        <test-method status="PASS" signature="feature(cucumber.api.testng.CucumberFeatureWrapper)[pri:0, instance:org.drc.vat.StepDefinitions.TestRunner@458c1321]" name="feature" duration-ms="331607" started-at="2019-02-01T19:35:20Z" description="Runs Cucumber Feature" data-provider="features" finished-at="2019-02-01T19:40:51Z">
          <params>
            <param index="0">
              <value>
                <![CDATA[DGI employee should be able to do following]]>
              </value>
            </param>
          </params>
          <reporter-output>
          </reporter-output>
        </test-method> <!-- feature -->
        <test-method status="PASS" signature="feature(cucumber.api.testng.CucumberFeatureWrapper)[pri:0, instance:org.drc.vat.StepDefinitions.TestRunner@458c1321]" name="feature" duration-ms="453212" started-at="2019-02-01T19:40:51Z" description="Runs Cucumber Feature" data-provider="features" finished-at="2019-02-01T19:48:25Z">
          <params>
            <param index="0">
              <value>
                <![CDATA[List of Debt Cases Assigned to the Collection Officer – Reassign]]>
              </value>
            </param>
          </params>
          <reporter-output>
          </reporter-output>
        </test-method> <!-- feature -->
        <test-method status="PASS" signature="feature(cucumber.api.testng.CucumberFeatureWrapper)[pri:0, instance:org.drc.vat.StepDefinitions.TestRunner@458c1321]" name="feature" duration-ms="15776" started-at="2019-02-01T19:48:25Z" description="Runs Cucumber Feature" data-provider="features" finished-at="2019-02-01T19:48:40Z">
          <params>
            <param index="0">
              <value>
                <![CDATA[Total Due: To show total amount due at the start of the collection case with a pop up of Ageing of Arrears to allow user to view the age bracket/s and the amount targeted in the collection case for each age-bracket]]>
              </value>
            </param>
          </params>
          <reporter-output>
          </reporter-output>
        </test-method> <!-- feature -->
        <test-method status="FAIL" signature="feature(cucumber.api.testng.CucumberFeatureWrapper)[pri:0, instance:org.drc.vat.StepDefinitions.TestRunner@458c1321]" name="feature" duration-ms="347394" started-at="2019-02-01T19:48:40Z" description="Runs Cucumber Feature" data-provider="features" finished-at="2019-02-01T19:54:28Z">
          <params>
            <param index="0">
              <value>
                <![CDATA[No. of Notification: Shows the notifications count. When clicked, pop-up appears, and the officer can view the notifications details]]>
              </value>
            </param>
          </params>
          <exception class="cucumber.runtime.CucumberException">
            <message>
              <![CDATA[java.lang.AssertionError: expected [Payment Not Completed] but found []]]>
            </message>
            <full-stacktrace>
              <![CDATA[cucumber.runtime.CucumberException: java.lang.AssertionError: expected [Payment Not Completed] but found []
	at cucumber.api.testng.TestNGCucumberRunner.runCucumber(TestNGCucumberRunner.java:69)
	at cucumber.api.testng.AbstractTestNGCucumberTests.feature(AbstractTestNGCucumberTests.java:21)
	at sun.reflect.NativeMethodAccessorImpl.invoke0(Native Method)
	at sun.reflect.NativeMethodAccessorImpl.invoke(Unknown Source)
	at sun.reflect.DelegatingMethodAccessorImpl.invoke(Unknown Source)
	at java.lang.reflect.Method.invoke(Unknown Source)
	at org.testng.internal.MethodInvocationHelper.invokeMethod(MethodInvocationHelper.java:86)
	at org.testng.internal.Invoker.invokeMethod(Invoker.java:643)
	at org.testng.internal.Invoker.invokeTestMethod(Invoker.java:820)
	at org.testng.internal.Invoker.invokeTestMethods(Invoker.java:1128)
	at org.testng.internal.TestMethodWorker.invokeTestMethods(TestMethodWorker.java:129)
	at org.testng.internal.TestMethodWorker.run(TestMethodWorker.java:112)
	at org.testng.TestRunner.privateRun(TestRunner.java:782)
	at org.testng.TestRunner.run(TestRunner.java:632)
	at org.testng.SuiteRunner.runTest(SuiteRunner.java:366)
	at org.testng.SuiteRunner.runSequentially(SuiteRunner.java:361)
	at org.testng.SuiteRunner.privateRun(SuiteRunner.java:319)
	at org.testng.SuiteRunner.run(SuiteRunner.java:268)
	at org.testng.SuiteRunnerWorker.runSuite(SuiteRunnerWorker.java:52)
	at org.testng.SuiteRunnerWorker.run(SuiteRunnerWorker.java:86)
	at org.testng.TestNG.runSuitesSequentially(TestNG.java:1244)
	at org.testng.TestNG.runSuitesLocally(TestNG.java:1169)
	at org.testng.TestNG.run(TestNG.java:1064)
	at org.testng.remote.AbstractRemoteTestNG.run(AbstractRemoteTestNG.java:114)
	at org.testng.remote.RemoteTestNG.initAndRun(RemoteTestNG.java:251)
	at org.testng.remote.RemoteTestNG.main(RemoteTestNG.java:77)
Caused by: java.lang.AssertionError: expected [Payment Not Completed] but found []
	at org.testng.Assert.fail(Assert.java:94)
	at org.testng.Assert.failNotEquals(Assert.java:513)
	at org.testng.Assert.assertEqualsImpl(Assert.java:135)
	at org.testng.Assert.assertEquals(Assert.java:116)
	at org.testng.Assert.assertEquals(Assert.java:190)
	at org.testng.Assert.assertEquals(Assert.java:200)
	at org.drc.vat.StepDefinitions.DebtCollectionCaseScreen.status_should_be_displayed(DebtCollectionCaseScreen.java:91)
	at ✽.Then Status "Payment Not Completed" should be displayed(src/test/resources/features/37_NotificationPopUp.feature:45)
]]>
            </full-stacktrace>
          </exception> <!-- cucumber.runtime.CucumberException -->
          <reporter-output>
          </reporter-output>
        </test-method> <!-- feature -->
        <test-method status="PASS" signature="tearDownClass()[pri:0, instance:org.drc.vat.StepDefinitions.TestRunner@458c1321]" name="tearDownClass" is-config="true" duration-ms="471" started-at="2019-02-01T19:54:28Z" finished-at="2019-02-01T19:54:28Z">
          <reporter-output>
          </reporter-output>
        </test-method> <!-- tearDownClass -->
        <test-method status="PASS" signature="tearDown()[pri:0, instance:org.drc.vat.StepDefinitions.TestRunner@458c1321]" name="tearDown" is-config="true" duration-ms="734" started-at="2019-02-01T19:54:28Z" finished-at="2019-02-01T19:54:29Z">
          <reporter-output>
          </reporter-output>
        </test-method> <!-- tearDown -->
      </class> <!-- org.drc.vat.StepDefinitions.TestRunner -->
    </test> <!-- Default test -->
  </suite> <!-- Default suite -->
</testng-results>
