<?xml version="1.0" encoding="UTF-8"?>
<testng-results skipped="0" failed="0" total="1" passed="1">
  <reporter-output>
  </reporter-output>
  <suite name="Default suite" duration-ms="83291" started-at="2019-01-25T08:00:26Z" finished-at="2019-01-25T08:01:50Z">
    <groups>
      <group name="cucumber">
        <method signature="AbstractTestNGCucumberTests.feature(cucumber.api.testng.CucumberFeatureWrapper)[pri:0, instance:org.drc.vat.StepDefinitions.TestRunner@458c1321]" name="feature" class="cucumber.api.testng.AbstractTestNGCucumberTests"/>
      </group> <!-- cucumber -->
    </groups>
    <test name="Default test" duration-ms="83291" started-at="2019-01-25T08:00:26Z" finished-at="2019-01-25T08:01:50Z">
      <class name="org.drc.vat.StepDefinitions.TestRunner">
        <test-method status="PASS" signature="setUP_Mobilenop()[pri:0, instance:org.drc.vat.StepDefinitions.TestRunner@458c1321]" name="setUP_Mobilenop" is-config="true" duration-ms="5881" started-at="2019-01-25T13:30:21Z" finished-at="2019-01-25T13:30:26Z">
          <reporter-output>
          </reporter-output>
        </test-method> <!-- setUP_Mobilenop -->
        <test-method status="PASS" signature="setUpClass()[pri:0, instance:org.drc.vat.StepDefinitions.TestRunner@458c1321]" name="setUpClass" is-config="true" duration-ms="414" started-at="2019-01-25T13:30:26Z" finished-at="2019-01-25T13:30:27Z">
          <reporter-output>
          </reporter-output>
        </test-method> <!-- setUpClass -->
        <test-method status="PASS" signature="feature(cucumber.api.testng.CucumberFeatureWrapper)[pri:0, instance:org.drc.vat.StepDefinitions.TestRunner@458c1321]" name="feature" duration-ms="81911" started-at="2019-01-25T13:30:27Z" description="Runs Cucumber Feature" data-provider="features" finished-at="2019-01-25T13:31:49Z">
          <params>
            <param index="0">
              <value>
                <![CDATA[User is on Tax Payer portal Objection and Appeal]]>
              </value>
            </param>
          </params>
          <reporter-output>
          </reporter-output>
        </test-method> <!-- feature -->
        <test-method status="PASS" signature="tearDownClass()[pri:0, instance:org.drc.vat.StepDefinitions.TestRunner@458c1321]" name="tearDownClass" is-config="true" duration-ms="836" started-at="2019-01-25T13:31:49Z" finished-at="2019-01-25T13:31:50Z">
          <reporter-output>
          </reporter-output>
        </test-method> <!-- tearDownClass -->
        <test-method status="PASS" signature="tearDown()[pri:0, instance:org.drc.vat.StepDefinitions.TestRunner@458c1321]" name="tearDown" is-config="true" duration-ms="1453" started-at="2019-01-25T13:31:50Z" finished-at="2019-01-25T13:31:51Z">
          <reporter-output>
          </reporter-output>
        </test-method> <!-- tearDown -->
      </class> <!-- org.drc.vat.StepDefinitions.TestRunner -->
    </test> <!-- Default test -->
  </suite> <!-- Default suite -->
</testng-results>
