<?xml version="1.0" encoding="UTF-8"?>
<testng-results skipped="0" failed="0" total="7" passed="7">
  <reporter-output>
  </reporter-output>
  <suite name="Default suite" duration-ms="1996776" started-at="2019-02-04T08:09:19Z" finished-at="2019-02-04T08:42:36Z">
    <groups>
      <group name="cucumber">
        <method signature="AbstractTestNGCucumberTests.feature(cucumber.api.testng.CucumberFeatureWrapper)[pri:0, instance:org.drc.vat.StepDefinitions.TestRunner@458c1321]" name="feature" class="cucumber.api.testng.AbstractTestNGCucumberTests"/>
      </group> <!-- cucumber -->
    </groups>
    <test name="Default test" duration-ms="1996776" started-at="2019-02-04T08:09:19Z" finished-at="2019-02-04T08:42:36Z">
      <class name="org.drc.vat.StepDefinitions.TestRunner">
        <test-method status="PASS" signature="setUP_Mobilenop()[pri:0, instance:org.drc.vat.StepDefinitions.TestRunner@458c1321]" name="setUP_Mobilenop" is-config="true" duration-ms="4204" started-at="2019-02-04T13:39:15Z" finished-at="2019-02-04T13:39:19Z">
          <reporter-output>
          </reporter-output>
        </test-method> <!-- setUP_Mobilenop -->
        <test-method status="PASS" signature="setUpClass()[pri:0, instance:org.drc.vat.StepDefinitions.TestRunner@458c1321]" name="setUpClass" is-config="true" duration-ms="254" started-at="2019-02-04T13:39:19Z" finished-at="2019-02-04T13:39:19Z">
          <reporter-output>
          </reporter-output>
        </test-method> <!-- setUpClass -->
        <test-method status="PASS" signature="feature(cucumber.api.testng.CucumberFeatureWrapper)[pri:0, instance:org.drc.vat.StepDefinitions.TestRunner@458c1321]" name="feature" duration-ms="107665" started-at="2019-02-04T13:39:20Z" description="Runs Cucumber Feature" data-provider="features" finished-at="2019-02-04T13:41:07Z">
          <params>
            <param index="0">
              <value>
                <![CDATA[Debt Record in 0-3 Months age bracket]]>
              </value>
            </param>
          </params>
          <reporter-output>
          </reporter-output>
        </test-method> <!-- feature -->
        <test-method status="PASS" signature="feature(cucumber.api.testng.CucumberFeatureWrapper)[pri:0, instance:org.drc.vat.StepDefinitions.TestRunner@458c1321]" name="feature" duration-ms="317696" started-at="2019-02-04T13:41:07Z" description="Runs Cucumber Feature" data-provider="features" finished-at="2019-02-04T13:46:25Z">
          <params>
            <param index="0">
              <value>
                <![CDATA[Debt Management - Landing screen to show the grouped (according to duration of the debt and priority of collection) list of tax payer that are in debt]]>
              </value>
            </param>
          </params>
          <reporter-output>
          </reporter-output>
        </test-method> <!-- feature -->
        <test-method status="PASS" signature="feature(cucumber.api.testng.CucumberFeatureWrapper)[pri:0, instance:org.drc.vat.StepDefinitions.TestRunner@458c1321]" name="feature" duration-ms="402023" started-at="2019-02-04T13:46:25Z" description="Runs Cucumber Feature" data-provider="features" finished-at="2019-02-04T13:53:07Z">
          <params>
            <param index="0">
              <value>
                <![CDATA[The Supervisor can assign the collection officer the pending amount from the TaxPayer]]>
              </value>
            </param>
          </params>
          <reporter-output>
          </reporter-output>
        </test-method> <!-- feature -->
        <test-method status="PASS" signature="feature(cucumber.api.testng.CucumberFeatureWrapper)[pri:0, instance:org.drc.vat.StepDefinitions.TestRunner@458c1321]" name="feature" duration-ms="298812" started-at="2019-02-04T13:53:07Z" description="Runs Cucumber Feature" data-provider="features" finished-at="2019-02-04T13:58:06Z">
          <params>
            <param index="0">
              <value>
                <![CDATA[DGI employee should be able to do following]]>
              </value>
            </param>
          </params>
          <reporter-output>
          </reporter-output>
        </test-method> <!-- feature -->
        <test-method status="PASS" signature="feature(cucumber.api.testng.CucumberFeatureWrapper)[pri:0, instance:org.drc.vat.StepDefinitions.TestRunner@458c1321]" name="feature" duration-ms="457830" started-at="2019-02-04T13:58:06Z" description="Runs Cucumber Feature" data-provider="features" finished-at="2019-02-04T14:05:44Z">
          <params>
            <param index="0">
              <value>
                <![CDATA[List of Debt Cases Assigned to the Collection Officer – Reassign]]>
              </value>
            </param>
          </params>
          <reporter-output>
          </reporter-output>
        </test-method> <!-- feature -->
        <test-method status="PASS" signature="feature(cucumber.api.testng.CucumberFeatureWrapper)[pri:0, instance:org.drc.vat.StepDefinitions.TestRunner@458c1321]" name="feature" duration-ms="15683" started-at="2019-02-04T14:05:44Z" description="Runs Cucumber Feature" data-provider="features" finished-at="2019-02-04T14:05:59Z">
          <params>
            <param index="0">
              <value>
                <![CDATA[Total Due: To show total amount due at the start of the collection case with a pop up of Ageing of Arrears to allow user to view the age bracket/s and the amount targeted in the collection case for each age-bracket]]>
              </value>
            </param>
          </params>
          <reporter-output>
          </reporter-output>
        </test-method> <!-- feature -->
        <test-method status="PASS" signature="feature(cucumber.api.testng.CucumberFeatureWrapper)[pri:0, instance:org.drc.vat.StepDefinitions.TestRunner@458c1321]" name="feature" duration-ms="396215" started-at="2019-02-04T14:05:59Z" description="Runs Cucumber Feature" data-provider="features" finished-at="2019-02-04T14:12:35Z">
          <params>
            <param index="0">
              <value>
                <![CDATA[No. of Notification: Shows the notifications count. When clicked, pop-up appears, and the officer can view the notifications details]]>
              </value>
            </param>
          </params>
          <reporter-output>
          </reporter-output>
        </test-method> <!-- feature -->
        <test-method status="PASS" signature="tearDownClass()[pri:0, instance:org.drc.vat.StepDefinitions.TestRunner@458c1321]" name="tearDownClass" is-config="true" duration-ms="486" started-at="2019-02-04T14:12:35Z" finished-at="2019-02-04T14:12:36Z">
          <reporter-output>
          </reporter-output>
        </test-method> <!-- tearDownClass -->
        <test-method status="PASS" signature="tearDown()[pri:0, instance:org.drc.vat.StepDefinitions.TestRunner@458c1321]" name="tearDown" is-config="true" duration-ms="761" started-at="2019-02-04T14:12:36Z" finished-at="2019-02-04T14:12:37Z">
          <reporter-output>
          </reporter-output>
        </test-method> <!-- tearDown -->
      </class> <!-- org.drc.vat.StepDefinitions.TestRunner -->
    </test> <!-- Default test -->
  </suite> <!-- Default suite -->
</testng-results>
