<?xml version="1.0" encoding="UTF-8"?>
<testng-results skipped="0" failed="0" total="1" passed="1">
  <reporter-output>
  </reporter-output>
  <suite name="Default suite" duration-ms="142434" started-at="2018-12-14T09:43:30Z" finished-at="2018-12-14T09:45:52Z">
    <groups>
      <group name="cucumber">
        <method signature="AbstractTestNGCucumberTests.feature(cucumber.api.testng.CucumberFeatureWrapper)[pri:0, instance:org.drc.vat.StepDefinitions.TestRunner@1877ab81]" name="feature" class="cucumber.api.testng.AbstractTestNGCucumberTests"/>
      </group> <!-- cucumber -->
    </groups>
    <test name="Default test" duration-ms="142434" started-at="2018-12-14T09:43:30Z" finished-at="2018-12-14T09:45:52Z">
      <class name="org.drc.vat.StepDefinitions.TestRunner">
        <test-method status="PASS" signature="setUP_Mobilenop()[pri:0, instance:org.drc.vat.StepDefinitions.TestRunner@1877ab81]" name="setUP_Mobilenop" is-config="true" duration-ms="4153" started-at="2018-12-14T15:13:25Z" finished-at="2018-12-14T15:13:30Z">
          <reporter-output>
          </reporter-output>
        </test-method> <!-- setUP_Mobilenop -->
        <test-method status="PASS" signature="setUpClass()[pri:0, instance:org.drc.vat.StepDefinitions.TestRunner@1877ab81]" name="setUpClass" is-config="true" duration-ms="285" started-at="2018-12-14T15:13:30Z" finished-at="2018-12-14T15:13:30Z">
          <reporter-output>
          </reporter-output>
        </test-method> <!-- setUpClass -->
        <test-method status="PASS" signature="feature(cucumber.api.testng.CucumberFeatureWrapper)[pri:0, instance:org.drc.vat.StepDefinitions.TestRunner@1877ab81]" name="feature" duration-ms="141553" started-at="2018-12-14T15:13:30Z" description="Runs Cucumber Feature" data-provider="features" finished-at="2018-12-14T15:15:52Z">
          <params>
            <param index="0">
              <value>
                <![CDATA[Upload Documents after all process are completed till the Banks details]]>
              </value>
            </param>
          </params>
          <reporter-output>
          </reporter-output>
        </test-method> <!-- feature -->
        <test-method status="PASS" signature="tearDownClass()[pri:0, instance:org.drc.vat.StepDefinitions.TestRunner@1877ab81]" name="tearDownClass" is-config="true" duration-ms="469" started-at="2018-12-14T15:15:52Z" finished-at="2018-12-14T15:15:52Z">
          <reporter-output>
          </reporter-output>
        </test-method> <!-- tearDownClass -->
        <test-method status="PASS" signature="tearDown()[pri:0, instance:org.drc.vat.StepDefinitions.TestRunner@1877ab81]" name="tearDown" is-config="true" duration-ms="677" started-at="2018-12-14T15:15:52Z" finished-at="2018-12-14T15:15:53Z">
          <reporter-output>
          </reporter-output>
        </test-method> <!-- tearDown -->
      </class> <!-- org.drc.vat.StepDefinitions.TestRunner -->
    </test> <!-- Default test -->
  </suite> <!-- Default suite -->
</testng-results>
