<?xml version="1.0" encoding="UTF-8"?>
<testng-results skipped="0" failed="0" total="0" passed="0">
  <reporter-output>
  </reporter-output>
  <suite name="Default suite" duration-ms="432" started-at="2018-12-18T07:02:15Z" finished-at="2018-12-18T07:02:15Z">
    <groups>
      <group name="cucumber">
        <method signature="AbstractTestNGCucumberTests.feature(cucumber.api.testng.CucumberFeatureWrapper)[pri:0, instance:org.drc.vat.StepDefinitions.TestRunner@1877ab81]" name="feature" class="cucumber.api.testng.AbstractTestNGCucumberTests"/>
      </group> <!-- cucumber -->
    </groups>
    <test name="Default test" duration-ms="432" started-at="2018-12-18T07:02:15Z" finished-at="2018-12-18T07:02:15Z">
      <class name="org.drc.vat.StepDefinitions.TestRunner">
        <test-method status="PASS" signature="setUP_Mobilenop()[pri:0, instance:org.drc.vat.StepDefinitions.TestRunner@1877ab81]" name="setUP_Mobilenop" is-config="true" duration-ms="3890" started-at="2018-12-18T12:32:11Z" finished-at="2018-12-18T12:32:15Z">
          <reporter-output>
          </reporter-output>
        </test-method> <!-- setUP_Mobilenop -->
        <test-method status="PASS" signature="setUpClass()[pri:0, instance:org.drc.vat.StepDefinitions.TestRunner@1877ab81]" name="setUpClass" is-config="true" duration-ms="247" started-at="2018-12-18T12:32:15Z" finished-at="2018-12-18T12:32:15Z">
          <reporter-output>
          </reporter-output>
        </test-method> <!-- setUpClass -->
        <test-method status="PASS" signature="tearDownClass()[pri:0, instance:org.drc.vat.StepDefinitions.TestRunner@1877ab81]" name="tearDownClass" is-config="true" duration-ms="109" started-at="2018-12-18T12:32:15Z" finished-at="2018-12-18T12:32:15Z">
          <reporter-output>
          </reporter-output>
        </test-method> <!-- tearDownClass -->
        <test-method status="PASS" signature="tearDown()[pri:0, instance:org.drc.vat.StepDefinitions.TestRunner@1877ab81]" name="tearDown" is-config="true" duration-ms="655" started-at="2018-12-18T12:32:15Z" finished-at="2018-12-18T12:32:16Z">
          <reporter-output>
          </reporter-output>
        </test-method> <!-- tearDown -->
      </class> <!-- org.drc.vat.StepDefinitions.TestRunner -->
    </test> <!-- Default test -->
  </suite> <!-- Default suite -->
</testng-results>
