<?xml version="1.0" encoding="UTF-8"?>
<testng-results skipped="0" failed="0" total="1" passed="1">
  <reporter-output>
  </reporter-output>
  <suite name="Default suite" duration-ms="38414" started-at="2018-12-18T07:47:24Z" finished-at="2018-12-18T07:48:02Z">
    <groups>
      <group name="cucumber">
        <method signature="AbstractTestNGCucumberTests.feature(cucumber.api.testng.CucumberFeatureWrapper)[pri:0, instance:org.drc.vat.StepDefinitions.TestRunner@1877ab81]" name="feature" class="cucumber.api.testng.AbstractTestNGCucumberTests"/>
      </group> <!-- cucumber -->
    </groups>
    <test name="Default test" duration-ms="38414" started-at="2018-12-18T07:47:24Z" finished-at="2018-12-18T07:48:02Z">
      <class name="org.drc.vat.StepDefinitions.TestRunner">
        <test-method status="PASS" signature="setUP_Mobilenop()[pri:0, instance:org.drc.vat.StepDefinitions.TestRunner@1877ab81]" name="setUP_Mobilenop" is-config="true" duration-ms="4050" started-at="2018-12-18T13:17:20Z" finished-at="2018-12-18T13:17:24Z">
          <reporter-output>
          </reporter-output>
        </test-method> <!-- setUP_Mobilenop -->
        <test-method status="PASS" signature="setUpClass()[pri:0, instance:org.drc.vat.StepDefinitions.TestRunner@1877ab81]" name="setUpClass" is-config="true" duration-ms="254" started-at="2018-12-18T13:17:24Z" finished-at="2018-12-18T13:17:24Z">
          <reporter-output>
          </reporter-output>
        </test-method> <!-- setUpClass -->
        <test-method status="PASS" signature="feature(cucumber.api.testng.CucumberFeatureWrapper)[pri:0, instance:org.drc.vat.StepDefinitions.TestRunner@1877ab81]" name="feature" duration-ms="37747" started-at="2018-12-18T13:17:24Z" description="Runs Cucumber Feature" data-provider="features" finished-at="2018-12-18T13:18:02Z">
          <params>
            <param index="0">
              <value>
                <![CDATA[User is on FX Management Page Tax Officer]]>
              </value>
            </param>
          </params>
          <reporter-output>
          </reporter-output>
        </test-method> <!-- feature -->
        <test-method status="PASS" signature="tearDownClass()[pri:0, instance:org.drc.vat.StepDefinitions.TestRunner@1877ab81]" name="tearDownClass" is-config="true" duration-ms="349" started-at="2018-12-18T13:18:02Z" finished-at="2018-12-18T13:18:02Z">
          <reporter-output>
          </reporter-output>
        </test-method> <!-- tearDownClass -->
        <test-method status="PASS" signature="tearDown()[pri:0, instance:org.drc.vat.StepDefinitions.TestRunner@1877ab81]" name="tearDown" is-config="true" duration-ms="878" started-at="2018-12-18T13:18:02Z" finished-at="2018-12-18T13:18:03Z">
          <reporter-output>
          </reporter-output>
        </test-method> <!-- tearDown -->
      </class> <!-- org.drc.vat.StepDefinitions.TestRunner -->
    </test> <!-- Default test -->
  </suite> <!-- Default suite -->
</testng-results>
