<?xml version="1.0" encoding="UTF-8"?>
<testng-results skipped="0" failed="0" total="1" passed="1">
  <reporter-output>
  </reporter-output>
  <suite name="Default suite" duration-ms="187935" started-at="2019-01-18T14:50:28Z" finished-at="2019-01-18T14:53:36Z">
    <groups>
      <group name="cucumber">
        <method signature="AbstractTestNGCucumberTests.feature(cucumber.api.testng.CucumberFeatureWrapper)[pri:0, instance:org.drc.vat.StepDefinitions.TestRunner@6acdbdf5]" name="feature" class="cucumber.api.testng.AbstractTestNGCucumberTests"/>
      </group> <!-- cucumber -->
    </groups>
    <test name="Default test" duration-ms="187935" started-at="2019-01-18T14:50:28Z" finished-at="2019-01-18T14:53:36Z">
      <class name="org.drc.vat.StepDefinitions.TestRunner">
        <test-method status="PASS" signature="setUP_Mobilenop()[pri:0, instance:org.drc.vat.StepDefinitions.TestRunner@6acdbdf5]" name="setUP_Mobilenop" is-config="true" duration-ms="4381" started-at="2019-01-18T20:20:23Z" finished-at="2019-01-18T20:20:28Z">
          <reporter-output>
          </reporter-output>
        </test-method> <!-- setUP_Mobilenop -->
        <test-method status="PASS" signature="setUpClass()[pri:0, instance:org.drc.vat.StepDefinitions.TestRunner@6acdbdf5]" name="setUpClass" is-config="true" duration-ms="425" started-at="2019-01-18T20:20:28Z" finished-at="2019-01-18T20:20:28Z">
          <reporter-output>
          </reporter-output>
        </test-method> <!-- setUpClass -->
        <test-method status="PASS" signature="feature(cucumber.api.testng.CucumberFeatureWrapper)[pri:0, instance:org.drc.vat.StepDefinitions.TestRunner@6acdbdf5]" name="feature" duration-ms="186800" started-at="2019-01-18T20:20:28Z" description="Runs Cucumber Feature" data-provider="features" finished-at="2019-01-18T20:23:35Z">
          <params>
            <param index="0">
              <value>
                <![CDATA[VAT Registration]]>
              </value>
            </param>
          </params>
          <reporter-output>
          </reporter-output>
        </test-method> <!-- feature -->
        <test-method status="PASS" signature="tearDownClass()[pri:0, instance:org.drc.vat.StepDefinitions.TestRunner@6acdbdf5]" name="tearDownClass" is-config="true" duration-ms="610" started-at="2019-01-18T20:23:35Z" finished-at="2019-01-18T20:23:36Z">
          <reporter-output>
          </reporter-output>
        </test-method> <!-- tearDownClass -->
        <test-method status="PASS" signature="tearDown()[pri:0, instance:org.drc.vat.StepDefinitions.TestRunner@6acdbdf5]" name="tearDown" is-config="true" duration-ms="925" started-at="2019-01-18T20:23:36Z" finished-at="2019-01-18T20:23:37Z">
          <reporter-output>
          </reporter-output>
        </test-method> <!-- tearDown -->
      </class> <!-- org.drc.vat.StepDefinitions.TestRunner -->
    </test> <!-- Default test -->
  </suite> <!-- Default suite -->
</testng-results>
