<?xml version="1.0" encoding="UTF-8"?>
<testng-results skipped="0" failed="0" ignored="0" total="1" passed="1">
  <reporter-output>
  </reporter-output>
  <suite name="Default suite" duration-ms="339418" started-at="2019-04-06T06:59:05Z" finished-at="2019-04-06T07:04:45Z">
    <groups>
      <group name="cucumber">
        <method signature="AbstractTestNGCucumberTests.feature(cucumber.api.testng.CucumberFeatureWrapper)[pri:0, instance:org.drc.vat.StepDefinitions.TestRunner@2173f6d9]" name="feature" class="cucumber.api.testng.AbstractTestNGCucumberTests"/>
      </group> <!-- cucumber -->
    </groups>
    <test name="Default test" duration-ms="339418" started-at="2019-04-06T06:59:05Z" finished-at="2019-04-06T07:04:45Z">
      <class name="org.drc.vat.StepDefinitions.TestRunner">
        <test-method status="PASS" signature="setUP_Mobilenop()[pri:0, instance:org.drc.vat.StepDefinitions.TestRunner@2173f6d9]" name="setUP_Mobilenop" is-config="true" duration-ms="14" started-at="2019-04-06T12:29:05Z" finished-at="2019-04-06T12:29:05Z">
          <reporter-output>
          </reporter-output>
        </test-method> <!-- setUP_Mobilenop -->
        <test-method status="PASS" signature="setUpClass()[pri:0, instance:org.drc.vat.StepDefinitions.TestRunner@2173f6d9]" name="setUpClass" is-config="true" duration-ms="463" started-at="2019-04-06T12:29:05Z" finished-at="2019-04-06T12:29:06Z">
          <reporter-output>
          </reporter-output>
        </test-method> <!-- setUpClass -->
        <test-method status="PASS" signature="feature(cucumber.api.testng.CucumberFeatureWrapper)[pri:0, instance:org.drc.vat.StepDefinitions.TestRunner@2173f6d9]" name="feature" duration-ms="338215" started-at="2019-04-06T12:29:06Z" description="Runs Cucumber Feature" data-provider="features" finished-at="2019-04-06T12:34:44Z">
          <params>
            <param index="0">
              <value>
                <![CDATA[End2End Functional Smoke TestSuite]]>
              </value>
            </param>
          </params>
          <reporter-output>
          </reporter-output>
        </test-method> <!-- feature -->
        <test-method status="PASS" signature="tearDownClass()[pri:0, instance:org.drc.vat.StepDefinitions.TestRunner@2173f6d9]" name="tearDownClass" is-config="true" duration-ms="552" started-at="2019-04-06T12:34:44Z" finished-at="2019-04-06T12:34:45Z">
          <reporter-output>
          </reporter-output>
        </test-method> <!-- tearDownClass -->
        <test-method status="PASS" signature="tearDown()[pri:0, instance:org.drc.vat.StepDefinitions.TestRunner@2173f6d9]" name="tearDown" is-config="true" duration-ms="0" started-at="2019-04-06T12:34:45Z" finished-at="2019-04-06T12:34:45Z">
          <reporter-output>
          </reporter-output>
        </test-method> <!-- tearDown -->
      </class> <!-- org.drc.vat.StepDefinitions.TestRunner -->
    </test> <!-- Default test -->
  </suite> <!-- Default suite -->
</testng-results>
